[4088] Log opened at 2024-10-25 17:36:31.999295
[4088] [Step Debug] INFO: Connecting to configured address/port: localhost:0.
[4088] [Step Debug] WARN: Creating socket for 'localhost:0', connect: 10049.
[4088] [Step Debug] WARN: Creating socket for 'localhost:0', connect: 10049.
[4088] [Step Debug] ERR: Could not connect to debugging client. Tried: localhost:0 (through xdebug.client_host/xdebug.client_port).
[4088] Log closed at 2024-10-25 17:36:32.004253

[6072] Log opened at 2024-10-25 17:39:20.305043
[6072] [Step Debug] INFO: Connecting to configured address/port: localhost:0.
[6072] [Step Debug] WARN: Creating socket for 'localhost:0', connect: 10049.
[6072] [Step Debug] WARN: Creating socket for 'localhost:0', connect: 10049.
[6072] [Step Debug] ERR: Could not connect to debugging client. Tried: localhost:0 (through xdebug.client_host/xdebug.client_port).
[6072] Log closed at 2024-10-25 17:39:20.315343

[6476] Log opened at 2024-10-25 17:39:38.654539
[6476] [Step Debug] INFO: Connecting to configured address/port: localhost:0.
[6476] [Step Debug] WARN: Creating socket for 'localhost:0', connect: 10049.
[6476] [Step Debug] WARN: Creating socket for 'localhost:0', connect: 10049.
[6476] [Step Debug] ERR: Could not connect to debugging client. Tried: localhost:0 (through xdebug.client_host/xdebug.client_port).
[6476] Log closed at 2024-10-25 17:39:38.658096

[4772] Log opened at 2024-10-25 17:46:50.970450
[4772] [Step Debug] INFO: Connecting to configured address/port: localhost:0.
[4772] [Step Debug] WARN: Creating socket for 'localhost:0', connect: 10049.
[4772] [Step Debug] WARN: Creating socket for 'localhost:0', connect: 10049.
[4772] [Step Debug] ERR: Could not connect to debugging client. Tried: localhost:0 (through xdebug.client_host/xdebug.client_port).
[4772] Log closed at 2024-10-25 17:46:50.974341

[14300] Log opened at 2024-10-25 18:04:28.398703
[14300] [Step Debug] INFO: Connecting to configured address/port: localhost:0.
[14300] [Step Debug] WARN: Creating socket for 'localhost:0', connect: 10049.
[14300] [Step Debug] WARN: Creating socket for 'localhost:0', connect: 10049.
[14300] [Step Debug] ERR: Could not connect to debugging client. Tried: localhost:0 (through xdebug.client_host/xdebug.client_port).
[14300] Log closed at 2024-10-25 18:04:28.402098

[11876] Log opened at 2024-10-25 18:09:18.651220
[11876] [Step Debug] INFO: Connecting to configured address/port: localhost:0.
[11876] [Step Debug] WARN: Creating socket for 'localhost:0', connect: 10049.
[11876] [Step Debug] WARN: Creating socket for 'localhost:0', connect: 10049.
[11876] [Step Debug] ERR: Could not connect to debugging client. Tried: localhost:0 (through xdebug.client_host/xdebug.client_port).
[11876] Log closed at 2024-10-25 18:09:18.654805

[4184] Log opened at 2024-10-25 18:31:25.149545
[4184] [Step Debug] INFO: Connecting to configured address/port: localhost:0.
[4184] [Step Debug] WARN: Creating socket for 'localhost:0', connect: 10049.
[4184] [Step Debug] WARN: Creating socket for 'localhost:0', connect: 10049.
[4184] [Step Debug] ERR: Could not connect to debugging client. Tried: localhost:0 (through xdebug.client_host/xdebug.client_port).
[4184] Log closed at 2024-10-25 18:31:25.153679

[10384] Log opened at 2024-10-25 18:31:37.593130
[10384] [Step Debug] INFO: Connecting to configured address/port: localhost:0.
[10384] [Step Debug] WARN: Creating socket for 'localhost:0', connect: 10049.
[10384] [Step Debug] WARN: Creating socket for 'localhost:0', connect: 10049.
[10384] [Step Debug] ERR: Could not connect to debugging client. Tried: localhost:0 (through xdebug.client_host/xdebug.client_port).
[10384] Log closed at 2024-10-25 18:31:37.596778

[8316] Log opened at 2024-10-25 18:31:47.989471
[8316] [Step Debug] INFO: Connecting to configured address/port: localhost:0.
[8316] [Step Debug] WARN: Creating socket for 'localhost:0', connect: 10049.
[8316] [Step Debug] WARN: Creating socket for 'localhost:0', connect: 10049.
[8316] [Step Debug] ERR: Could not connect to debugging client. Tried: localhost:0 (through xdebug.client_host/xdebug.client_port).
[8316] Log closed at 2024-10-25 18:31:47.993254

[7680] Log opened at 2024-10-25 18:38:34.320188
[7680] [Step Debug] INFO: Connecting to configured address/port: localhost:0.
[7680] [Step Debug] WARN: Creating socket for 'localhost:0', connect: 10049.
[7680] [Step Debug] WARN: Creating socket for 'localhost:0', connect: 10049.
[7680] [Step Debug] ERR: Could not connect to debugging client. Tried: localhost:0 (through xdebug.client_host/xdebug.client_port).
[7680] Log closed at 2024-10-25 18:38:34.332488

[6912] Log opened at 2024-10-25 18:40:50.633929
[6912] [Step Debug] INFO: Connecting to configured address/port: localhost:0.
[6912] [Step Debug] WARN: Creating socket for 'localhost:0', connect: 10049.
[6912] [Step Debug] WARN: Creating socket for 'localhost:0', connect: 10049.
[6912] [Step Debug] ERR: Could not connect to debugging client. Tried: localhost:0 (through xdebug.client_host/xdebug.client_port).
[6912] Log closed at 2024-10-25 18:40:50.637412

[10300] Log opened at 2024-10-25 18:40:54.024579
[10300] [Step Debug] INFO: Connecting to configured address/port: localhost:0.
[10300] [Step Debug] WARN: Creating socket for 'localhost:0', connect: 10049.
[10300] [Step Debug] WARN: Creating socket for 'localhost:0', connect: 10049.
[10300] [Step Debug] ERR: Could not connect to debugging client. Tried: localhost:0 (through xdebug.client_host/xdebug.client_port).
[10300] Log closed at 2024-10-25 18:40:54.028021

[5500] Log opened at 2024-10-25 18:41:10.409028
[5500] [Step Debug] INFO: Connecting to configured address/port: localhost:0.
[5500] [Step Debug] WARN: Creating socket for 'localhost:0', connect: 10049.
[5500] [Step Debug] WARN: Creating socket for 'localhost:0', connect: 10049.
[5500] [Step Debug] ERR: Could not connect to debugging client. Tried: localhost:0 (through xdebug.client_host/xdebug.client_port).
[5500] Log closed at 2024-10-25 18:41:10.412438

[2944] Log opened at 2024-10-25 18:41:32.807517
[2944] [Step Debug] INFO: Connecting to configured address/port: localhost:0.
[2944] [Step Debug] WARN: Creating socket for 'localhost:0', connect: 10049.
[2944] [Step Debug] WARN: Creating socket for 'localhost:0', connect: 10049.
[2944] [Step Debug] ERR: Could not connect to debugging client. Tried: localhost:0 (through xdebug.client_host/xdebug.client_port).
[2944] Log closed at 2024-10-25 18:41:32.810959

[7744] Log opened at 2024-10-25 18:41:39.065081
[7744] [Step Debug] INFO: Connecting to configured address/port: localhost:0.
[7744] [Step Debug] WARN: Creating socket for 'localhost:0', connect: 10049.
[7744] [Step Debug] WARN: Creating socket for 'localhost:0', connect: 10049.
[7744] [Step Debug] ERR: Could not connect to debugging client. Tried: localhost:0 (through xdebug.client_host/xdebug.client_port).
[7744] Log closed at 2024-10-25 18:41:39.068724

[8496] Log opened at 2024-10-25 18:53:04.307540
[8496] [Step Debug] INFO: Connecting to configured address/port: localhost:0.
[8496] [Step Debug] WARN: Creating socket for 'localhost:0', connect: 10049.
[8496] [Step Debug] WARN: Creating socket for 'localhost:0', connect: 10049.
[8496] [Step Debug] ERR: Could not connect to debugging client. Tried: localhost:0 (through xdebug.client_host/xdebug.client_port).
[8496] Log closed at 2024-10-25 18:53:04.311155

[13948] Log opened at 2024-10-25 19:00:01.928889
[13948] [Step Debug] INFO: Connecting to configured address/port: localhost:0.
[13948] [Step Debug] WARN: Creating socket for 'localhost:0', connect: 10049.
[13948] [Step Debug] WARN: Creating socket for 'localhost:0', connect: 10049.
[13948] [Step Debug] ERR: Could not connect to debugging client. Tried: localhost:0 (through xdebug.client_host/xdebug.client_port).
[13948] Log closed at 2024-10-25 19:00:01.932407

